yarn run v1.22.22
$ next dev
  ▲ Next.js 14.2.5
  - Local:        http://localhost:3000
  - Environments: .env

 ✓ Starting...
 ✓ Ready in 1161ms
 ○ Compiling /api/auth/register ...
 ✓ Compiled /api/auth/register in 2.1s (65 modules)
 POST /api/auth/register 400 in 2178ms
prisma:query SELECT `main`.`users`.`id`, `main`.`users`.`email`, `main`.`users`.`emailVerified`, `main`.`users`.`name`, `main`.`users`.`image`, `main`.`users`.`role`, `main`.`users`.`locale`, `main`.`users`.`verified`, `main`.`users`.`planType`, `main`.`users`.`planStart`, `main`.`users`.`planEnd`, `main`.`users`.`isActive`, `main`.`users`.`stripeCustomerId`, `main`.`users`.`stripeSubscriptionId`, `main`.`users`.`createdAt`, `main`.`users`.`updatedAt` FROM `main`.`users` WHERE (`main`.`users`.`email` = ? AND 1=1) LIMIT ? OFFSET ?
prisma:query INSERT INTO `main`.`users` (`id`, `email`, `name`, `role`, `locale`, `verified`, `planType`, `isActive`, `createdAt`, `updatedAt`) VALUES (?,?,?,?,?,?,?,?,?,?) RETURNING `id` AS `id`, `email` AS `email`, `emailVerified` AS `emailVerified`, `name` AS `name`, `image` AS `image`, `role` AS `role`, `locale` AS `locale`, `verified` AS `verified`, `planType` AS `planType`, `planStart` AS `planStart`, `planEnd` AS `planEnd`, `isActive` AS `isActive`, `stripeCustomerId` AS `stripeCustomerId`, `stripeSubscriptionId` AS `stripeSubscriptionId`, `createdAt` AS `createdAt`, `updatedAt` AS `updatedAt`
 POST /api/auth/register 200 in 33ms
 ✓ Compiled /api/seed in 199ms (67 modules)
 GET /api/seed 405 in 242ms
🌱 Iniciando seeding...
prisma:query SELECT 1
prisma:query INSERT INTO `main`.`users` (`id`, `email`, `name`, `role`, `locale`, `verified`, `planType`, `isActive`, `createdAt`, `updatedAt`) VALUES (?,?,?,?,?,?,?,?,?,?) RETURNING `id` AS `id`, `email` AS `email`, `emailVerified` AS `emailVerified`, `name` AS `name`, `image` AS `image`, `role` AS `role`, `locale` AS `locale`, `verified` AS `verified`, `planType` AS `planType`, `planStart` AS `planStart`, `planEnd` AS `planEnd`, `isActive` AS `isActive`, `stripeCustomerId` AS `stripeCustomerId`, `stripeSubscriptionId` AS `stripeSubscriptionId`, `createdAt` AS `createdAt`, `updatedAt` AS `updatedAt`
❌ Error en seeding: PrismaClientKnownRequestError: 
Invalid `prisma.user.create()` invocation:


Unique constraint failed on the fields: (`email`)
    at $n.handleRequestError (/app/frontend/node_modules/@prisma/client/runtime/library.js:121:7315)
    at $n.handleAndLogRequestError (/app/frontend/node_modules/@prisma/client/runtime/library.js:121:6623)
    at $n.request (/app/frontend/node_modules/@prisma/client/runtime/library.js:121:6307)
    at async l (/app/frontend/node_modules/@prisma/client/runtime/library.js:130:9633)
    at async POST (webpack-internal:///(rsc)/./app/api/seed/route.ts:13:23)
    at async /app/frontend/node_modules/next/dist/compiled/next-server/app-route.runtime.dev.js:6:55038
    at async ek.execute (/app/frontend/node_modules/next/dist/compiled/next-server/app-route.runtime.dev.js:6:45808)
    at async ek.handle (/app/frontend/node_modules/next/dist/compiled/next-server/app-route.runtime.dev.js:6:56292)
    at async doRender (/app/frontend/node_modules/next/dist/server/base-server.js:1377:42)
    at async cacheEntry.responseCache.get.routeKind (/app/frontend/node_modules/next/dist/server/base-server.js:1599:28)
    at async DevServer.renderToResponseWithComponentsImpl (/app/frontend/node_modules/next/dist/server/base-server.js:1507:28)
    at async DevServer.renderPageComponent (/app/frontend/node_modules/next/dist/server/base-server.js:1931:24)
    at async DevServer.renderToResponseImpl (/app/frontend/node_modules/next/dist/server/base-server.js:1969:32)
    at async DevServer.pipeImpl (/app/frontend/node_modules/next/dist/server/base-server.js:920:25)
    at async NextNodeServer.handleCatchallRenderRequest (/app/frontend/node_modules/next/dist/server/next-server.js:272:17)
    at async DevServer.handleRequestImpl (/app/frontend/node_modules/next/dist/server/base-server.js:816:17)
    at async /app/frontend/node_modules/next/dist/server/dev/next-dev-server.js:339:20
    at async Span.traceAsyncFn (/app/frontend/node_modules/next/dist/trace/trace.js:154:20)
    at async DevServer.handleRequest (/app/frontend/node_modules/next/dist/server/dev/next-dev-server.js:336:24)
    at async invokeRender (/app/frontend/node_modules/next/dist/server/lib/router-server.js:174:21)
    at async handleRequest (/app/frontend/node_modules/next/dist/server/lib/router-server.js:353:24)
    at async requestHandlerImpl (/app/frontend/node_modules/next/dist/server/lib/router-server.js:377:13)
    at async Server.requestListener (/app/frontend/node_modules/next/dist/server/lib/start-server.js:141:13) {
  code: 'P2002',
  clientVersion: '5.22.0',
  meta: { modelName: 'User', target: [ 'email' ] }
}
 POST /api/seed 500 in 14ms
 ○ Compiling /auth/login ...
 ✓ Compiled /auth/login in 2.1s (877 modules)
 GET /auth/login 200 in 2479ms
 ✓ Compiled in 332ms (420 modules)
 GET /auth/login? 200 in 27ms
 ○ Compiling /api/auth/[...nextauth] ...
 ✓ Compiled /api/auth/[...nextauth] in 554ms (690 modules)
 GET /api/auth/session 200 in 902ms
 GET /api/auth/session 200 in 19ms
 POST /api/auth/callback/credentials 302 in 21ms
 ○ Compiling /auth/register ...
 ✓ Compiled /auth/register in 640ms (1072 modules)
 GET /auth/register 200 in 798ms
 GET /api/auth/session 200 in 47ms
 GET /api/auth/session 200 in 6ms
 GET /auth/register 200 in 28ms
 GET /api/auth/session 200 in 22ms
 GET /api/auth/session 200 in 6ms
 GET /auth/register 200 in 27ms
 GET /api/auth/session 200 in 19ms
 GET /api/auth/session 200 in 6ms
 GET /auth/register 200 in 33ms
 GET /api/auth/session 200 in 18ms
 GET /api/auth/session 200 in 6ms
 ✓ Compiled /api/auth/register in 298ms (696 modules)
prisma:query SELECT 1
prisma:query SELECT `main`.`users`.`id`, `main`.`users`.`email`, `main`.`users`.`emailVerified`, `main`.`users`.`name`, `main`.`users`.`image`, `main`.`users`.`role`, `main`.`users`.`locale`, `main`.`users`.`verified`, `main`.`users`.`planType`, `main`.`users`.`planStart`, `main`.`users`.`planEnd`, `main`.`users`.`isActive`, `main`.`users`.`stripeCustomerId`, `main`.`users`.`stripeSubscriptionId`, `main`.`users`.`createdAt`, `main`.`users`.`updatedAt` FROM `main`.`users` WHERE (`main`.`users`.`email` = ? AND 1=1) LIMIT ? OFFSET ?
prisma:query INSERT INTO `main`.`users` (`id`, `email`, `name`, `role`, `locale`, `verified`, `planType`, `isActive`, `createdAt`, `updatedAt`) VALUES (?,?,?,?,?,?,?,?,?,?) RETURNING `id` AS `id`, `email` AS `email`, `emailVerified` AS `emailVerified`, `name` AS `name`, `image` AS `image`, `role` AS `role`, `locale` AS `locale`, `verified` AS `verified`, `planType` AS `planType`, `planStart` AS `planStart`, `planEnd` AS `planEnd`, `isActive` AS `isActive`, `stripeCustomerId` AS `stripeCustomerId`, `stripeSubscriptionId` AS `stripeSubscriptionId`, `createdAt` AS `createdAt`, `updatedAt` AS `updatedAt`
 POST /api/auth/register 200 in 382ms
 GET /api/auth/providers 200 in 42ms
 GET /api/auth/csrf 200 in 6ms
prisma:query SELECT `main`.`users`.`id`, `main`.`users`.`email`, `main`.`users`.`emailVerified`, `main`.`users`.`name`, `main`.`users`.`image`, `main`.`users`.`role`, `main`.`users`.`locale`, `main`.`users`.`verified`, `main`.`users`.`planType`, `main`.`users`.`planStart`, `main`.`users`.`planEnd`, `main`.`users`.`isActive`, `main`.`users`.`stripeCustomerId`, `main`.`users`.`stripeSubscriptionId`, `main`.`users`.`createdAt`, `main`.`users`.`updatedAt` FROM `main`.`users` WHERE (`main`.`users`.`email` = ? AND 1=1) LIMIT ? OFFSET ?
 POST /api/auth/callback/credentials 200 in 9ms
 GET /api/auth/session 200 in 7ms
 ○ Compiling /dashboard ...
 ✓ Compiled /dashboard in 1089ms (1137 modules)
 GET /dashboard?_rsc=3y0gy 200 in 68ms
 GET /auth/login 200 in 116ms
 GET /api/auth/session 200 in 62ms
 GET /api/auth/session 200 in 10ms
 GET /api/auth/providers 200 in 17ms
 GET /api/auth/csrf 200 in 7ms
prisma:query SELECT 1
prisma:query SELECT `main`.`users`.`id`, `main`.`users`.`email`, `main`.`users`.`emailVerified`, `main`.`users`.`name`, `main`.`users`.`image`, `main`.`users`.`role`, `main`.`users`.`locale`, `main`.`users`.`verified`, `main`.`users`.`planType`, `main`.`users`.`planStart`, `main`.`users`.`planEnd`, `main`.`users`.`isActive`, `main`.`users`.`stripeCustomerId`, `main`.`users`.`stripeSubscriptionId`, `main`.`users`.`createdAt`, `main`.`users`.`updatedAt` FROM `main`.`users` WHERE (`main`.`users`.`email` = ? AND 1=1) LIMIT ? OFFSET ?
 POST /api/auth/callback/credentials 200 in 10ms
 GET /api/auth/session 200 in 7ms
 GET /api/auth/session 200 in 5ms
 GET /dashboard?_rsc=1jqx0 200 in 36ms
 ○ Compiling / ...
 ✓ Compiled / in 925ms (1103 modules)
prisma:query SELECT 1
prisma:query SELECT `main`.`opportunities`.`id`, `main`.`opportunities`.`title`, `main`.`opportunities`.`slug`, `main`.`opportunities`.`description`, `main`.`opportunities`.`type`, `main`.`opportunities`.`level`, `main`.`opportunities`.`status`, `main`.`opportunities`.`city`, `main`.`opportunities`.`country`, `main`.`opportunities`.`latitude`, `main`.`opportunities`.`longitude`, `main`.`opportunities`.`modality`, `main`.`opportunities`.`remunerationType`, `main`.`opportunities`.`remunerationMin`, `main`.`opportunities`.`remunerationMax`, `main`.`opportunities`.`currency`, `main`.`opportunities`.`benefits`, `main`.`opportunities`.`deadline`, `main`.`opportunities`.`startDate`, `main`.`opportunities`.`endDate`, `main`.`opportunities`.`publishedAt`, `main`.`opportunities`.`tags`, `main`.`opportunities`.`verified`, `main`.`opportunities`.`contactEmail`, `main`.`opportunities`.`contactPhone`, `main`.`opportunities`.`applicationUrl`, `main`.`opportunities`.`createdAt`, `main`.`opportunities`.`updatedAt`, `main`.`opportunities`.`organizationId`, `main`.`opportunities`.`authorId` FROM `main`.`opportunities` WHERE (`main`.`opportunities`.`status` = ? AND `main`.`opportunities`.`publishedAt` IS NOT NULL) ORDER BY `main`.`opportunities`.`publishedAt` DESC LIMIT ? OFFSET ?
prisma:query SELECT COUNT(*) FROM (SELECT `main`.`opportunities`.`id` FROM `main`.`opportunities` WHERE `main`.`opportunities`.`status` = ? LIMIT ? OFFSET ?) AS `sub`
prisma:query SELECT `main`.`organizations`.`id`, `main`.`organizations`.`name`, `main`.`organizations`.`logo`, `main`.`organizations`.`verified` FROM `main`.`organizations` WHERE `main`.`organizations`.`id` IN (?,?) LIMIT ? OFFSET ?
prisma:query SELECT COUNT(*) FROM (SELECT `main`.`organizations`.`id` FROM `main`.`organizations` WHERE `main`.`organizations`.`verified` = ? LIMIT ? OFFSET ?) AS `sub`
 GET / 200 in 1139ms
prisma:query SELECT COUNT(*) FROM (SELECT `main`.`opportunities`.`id` FROM `main`.`opportunities` WHERE `main`.`opportunities`.`status` = ? LIMIT ? OFFSET ?) AS `sub`
prisma:query SELECT COUNT(*) FROM (SELECT `main`.`organizations`.`id` FROM `main`.`organizations` WHERE `main`.`organizations`.`verified` = ? LIMIT ? OFFSET ?) AS `sub`
prisma:query SELECT `main`.`opportunities`.`id`, `main`.`opportunities`.`title`, `main`.`opportunities`.`slug`, `main`.`opportunities`.`description`, `main`.`opportunities`.`type`, `main`.`opportunities`.`level`, `main`.`opportunities`.`status`, `main`.`opportunities`.`city`, `main`.`opportunities`.`country`, `main`.`opportunities`.`latitude`, `main`.`opportunities`.`longitude`, `main`.`opportunities`.`modality`, `main`.`opportunities`.`remunerationType`, `main`.`opportunities`.`remunerationMin`, `main`.`opportunities`.`remunerationMax`, `main`.`opportunities`.`currency`, `main`.`opportunities`.`benefits`, `main`.`opportunities`.`deadline`, `main`.`opportunities`.`startDate`, `main`.`opportunities`.`endDate`, `main`.`opportunities`.`publishedAt`, `main`.`opportunities`.`tags`, `main`.`opportunities`.`verified`, `main`.`opportunities`.`contactEmail`, `main`.`opportunities`.`contactPhone`, `main`.`opportunities`.`applicationUrl`, `main`.`opportunities`.`createdAt`, `main`.`opportunities`.`updatedAt`, `main`.`opportunities`.`organizationId`, `main`.`opportunities`.`authorId` FROM `main`.`opportunities` WHERE (`main`.`opportunities`.`status` = ? AND `main`.`opportunities`.`publishedAt` IS NOT NULL) ORDER BY `main`.`opportunities`.`publishedAt` DESC LIMIT ? OFFSET ?
prisma:query SELECT `main`.`organizations`.`id`, `main`.`organizations`.`name`, `main`.`organizations`.`logo`, `main`.`organizations`.`verified` FROM `main`.`organizations` WHERE `main`.`organizations`.`id` IN (?,?) LIMIT ? OFFSET ?
 GET / 200 in 30ms
prisma:query SELECT COUNT(*) FROM (SELECT `main`.`opportunities`.`id` FROM `main`.`opportunities` WHERE `main`.`opportunities`.`status` = ? LIMIT ? OFFSET ?) AS `sub`
prisma:query SELECT COUNT(*) FROM (SELECT `main`.`organizations`.`id` FROM `main`.`organizations` WHERE `main`.`organizations`.`verified` = ? LIMIT ? OFFSET ?) AS `sub`
prisma:query SELECT `main`.`opportunities`.`id`, `main`.`opportunities`.`title`, `main`.`opportunities`.`slug`, `main`.`opportunities`.`description`, `main`.`opportunities`.`type`, `main`.`opportunities`.`level`, `main`.`opportunities`.`status`, `main`.`opportunities`.`city`, `main`.`opportunities`.`country`, `main`.`opportunities`.`latitude`, `main`.`opportunities`.`longitude`, `main`.`opportunities`.`modality`, `main`.`opportunities`.`remunerationType`, `main`.`opportunities`.`remunerationMin`, `main`.`opportunities`.`remunerationMax`, `main`.`opportunities`.`currency`, `main`.`opportunities`.`benefits`, `main`.`opportunities`.`deadline`, `main`.`opportunities`.`startDate`, `main`.`opportunities`.`endDate`, `main`.`opportunities`.`publishedAt`, `main`.`opportunities`.`tags`, `main`.`opportunities`.`verified`, `main`.`opportunities`.`contactEmail`, `main`.`opportunities`.`contactPhone`, `main`.`opportunities`.`applicationUrl`, `main`.`opportunities`.`createdAt`, `main`.`opportunities`.`updatedAt`, `main`.`opportunities`.`organizationId`, `main`.`opportunities`.`authorId` FROM `main`.`opportunities` WHERE (`main`.`opportunities`.`status` = ? AND `main`.`opportunities`.`publishedAt` IS NOT NULL) ORDER BY `main`.`opportunities`.`publishedAt` DESC LIMIT ? OFFSET ?
prisma:query SELECT `main`.`organizations`.`id`, `main`.`organizations`.`name`, `main`.`organizations`.`logo`, `main`.`organizations`.`verified` FROM `main`.`organizations` WHERE `main`.`organizations`.`id` IN (?,?) LIMIT ? OFFSET ?
 GET / 200 in 29ms
prisma:query SELECT COUNT(*) FROM (SELECT `main`.`opportunities`.`id` FROM `main`.`opportunities` WHERE `main`.`opportunities`.`status` = ? LIMIT ? OFFSET ?) AS `sub`
prisma:query SELECT `main`.`opportunities`.`id`, `main`.`opportunities`.`title`, `main`.`opportunities`.`slug`, `main`.`opportunities`.`description`, `main`.`opportunities`.`type`, `main`.`opportunities`.`level`, `main`.`opportunities`.`status`, `main`.`opportunities`.`city`, `main`.`opportunities`.`country`, `main`.`opportunities`.`latitude`, `main`.`opportunities`.`longitude`, `main`.`opportunities`.`modality`, `main`.`opportunities`.`remunerationType`, `main`.`opportunities`.`remunerationMin`, `main`.`opportunities`.`remunerationMax`, `main`.`opportunities`.`currency`, `main`.`opportunities`.`benefits`, `main`.`opportunities`.`deadline`, `main`.`opportunities`.`startDate`, `main`.`opportunities`.`endDate`, `main`.`opportunities`.`publishedAt`, `main`.`opportunities`.`tags`, `main`.`opportunities`.`verified`, `main`.`opportunities`.`contactEmail`, `main`.`opportunities`.`contactPhone`, `main`.`opportunities`.`applicationUrl`, `main`.`opportunities`.`createdAt`, `main`.`opportunities`.`updatedAt`, `main`.`opportunities`.`organizationId`, `main`.`opportunities`.`authorId` FROM `main`.`opportunities` WHERE (`main`.`opportunities`.`status` = ? AND `main`.`opportunities`.`publishedAt` IS NOT NULL) ORDER BY `main`.`opportunities`.`publishedAt` DESC LIMIT ? OFFSET ?
prisma:query SELECT COUNT(*) FROM (SELECT `main`.`organizations`.`id` FROM `main`.`organizations` WHERE `main`.`organizations`.`verified` = ? LIMIT ? OFFSET ?) AS `sub`
prisma:query SELECT `main`.`organizations`.`id`, `main`.`organizations`.`name`, `main`.`organizations`.`logo`, `main`.`organizations`.`verified` FROM `main`.`organizations` WHERE `main`.`organizations`.`id` IN (?,?) LIMIT ? OFFSET ?
 GET / 200 in 27ms
prisma:query SELECT COUNT(*) FROM (SELECT `main`.`organizations`.`id` FROM `main`.`organizations` WHERE `main`.`organizations`.`verified` = ? LIMIT ? OFFSET ?) AS `sub`
prisma:query SELECT COUNT(*) FROM (SELECT `main`.`opportunities`.`id` FROM `main`.`opportunities` WHERE `main`.`opportunities`.`status` = ? LIMIT ? OFFSET ?) AS `sub`
prisma:query SELECT `main`.`opportunities`.`id`, `main`.`opportunities`.`title`, `main`.`opportunities`.`slug`, `main`.`opportunities`.`description`, `main`.`opportunities`.`type`, `main`.`opportunities`.`level`, `main`.`opportunities`.`status`, `main`.`opportunities`.`city`, `main`.`opportunities`.`country`, `main`.`opportunities`.`latitude`, `main`.`opportunities`.`longitude`, `main`.`opportunities`.`modality`, `main`.`opportunities`.`remunerationType`, `main`.`opportunities`.`remunerationMin`, `main`.`opportunities`.`remunerationMax`, `main`.`opportunities`.`currency`, `main`.`opportunities`.`benefits`, `main`.`opportunities`.`deadline`, `main`.`opportunities`.`startDate`, `main`.`opportunities`.`endDate`, `main`.`opportunities`.`publishedAt`, `main`.`opportunities`.`tags`, `main`.`opportunities`.`verified`, `main`.`opportunities`.`contactEmail`, `main`.`opportunities`.`contactPhone`, `main`.`opportunities`.`applicationUrl`, `main`.`opportunities`.`createdAt`, `main`.`opportunities`.`updatedAt`, `main`.`opportunities`.`organizationId`, `main`.`opportunities`.`authorId` FROM `main`.`opportunities` WHERE (`main`.`opportunities`.`status` = ? AND `main`.`opportunities`.`publishedAt` IS NOT NULL) ORDER BY `main`.`opportunities`.`publishedAt` DESC LIMIT ? OFFSET ?
prisma:query SELECT `main`.`organizations`.`id`, `main`.`organizations`.`name`, `main`.`organizations`.`logo`, `main`.`organizations`.`verified` FROM `main`.`organizations` WHERE `main`.`organizations`.`id` IN (?,?) LIMIT ? OFFSET ?
 GET / 200 in 28ms
prisma:query SELECT COUNT(*) FROM (SELECT `main`.`organizations`.`id` FROM `main`.`organizations` WHERE `main`.`organizations`.`verified` = ? LIMIT ? OFFSET ?) AS `sub`
prisma:query SELECT COUNT(*) FROM (SELECT `main`.`opportunities`.`id` FROM `main`.`opportunities` WHERE `main`.`opportunities`.`status` = ? LIMIT ? OFFSET ?) AS `sub`
prisma:query SELECT `main`.`opportunities`.`id`, `main`.`opportunities`.`title`, `main`.`opportunities`.`slug`, `main`.`opportunities`.`description`, `main`.`opportunities`.`type`, `main`.`opportunities`.`level`, `main`.`opportunities`.`status`, `main`.`opportunities`.`city`, `main`.`opportunities`.`country`, `main`.`opportunities`.`latitude`, `main`.`opportunities`.`longitude`, `main`.`opportunities`.`modality`, `main`.`opportunities`.`remunerationType`, `main`.`opportunities`.`remunerationMin`, `main`.`opportunities`.`remunerationMax`, `main`.`opportunities`.`currency`, `main`.`opportunities`.`benefits`, `main`.`opportunities`.`deadline`, `main`.`opportunities`.`startDate`, `main`.`opportunities`.`endDate`, `main`.`opportunities`.`publishedAt`, `main`.`opportunities`.`tags`, `main`.`opportunities`.`verified`, `main`.`opportunities`.`contactEmail`, `main`.`opportunities`.`contactPhone`, `main`.`opportunities`.`applicationUrl`, `main`.`opportunities`.`createdAt`, `main`.`opportunities`.`updatedAt`, `main`.`opportunities`.`organizationId`, `main`.`opportunities`.`authorId` FROM `main`.`opportunities` WHERE (`main`.`opportunities`.`status` = ? AND `main`.`opportunities`.`publishedAt` IS NOT NULL) ORDER BY `main`.`opportunities`.`publishedAt` DESC LIMIT ? OFFSET ?
prisma:query SELECT `main`.`organizations`.`id`, `main`.`organizations`.`name`, `main`.`organizations`.`logo`, `main`.`organizations`.`verified` FROM `main`.`organizations` WHERE `main`.`organizations`.`id` IN (?,?) LIMIT ? OFFSET ?
 GET / 200 in 24ms
prisma:query SELECT COUNT(*) FROM (SELECT `main`.`opportunities`.`id` FROM `main`.`opportunities` WHERE `main`.`opportunities`.`status` = ? LIMIT ? OFFSET ?) AS `sub`
prisma:query SELECT COUNT(*) FROM (SELECT `main`.`organizations`.`id` FROM `main`.`organizations` WHERE `main`.`organizations`.`verified` = ? LIMIT ? OFFSET ?) AS `sub`
prisma:query SELECT `main`.`opportunities`.`id`, `main`.`opportunities`.`title`, `main`.`opportunities`.`slug`, `main`.`opportunities`.`description`, `main`.`opportunities`.`type`, `main`.`opportunities`.`level`, `main`.`opportunities`.`status`, `main`.`opportunities`.`city`, `main`.`opportunities`.`country`, `main`.`opportunities`.`latitude`, `main`.`opportunities`.`longitude`, `main`.`opportunities`.`modality`, `main`.`opportunities`.`remunerationType`, `main`.`opportunities`.`remunerationMin`, `main`.`opportunities`.`remunerationMax`, `main`.`opportunities`.`currency`, `main`.`opportunities`.`benefits`, `main`.`opportunities`.`deadline`, `main`.`opportunities`.`startDate`, `main`.`opportunities`.`endDate`, `main`.`opportunities`.`publishedAt`, `main`.`opportunities`.`tags`, `main`.`opportunities`.`verified`, `main`.`opportunities`.`contactEmail`, `main`.`opportunities`.`contactPhone`, `main`.`opportunities`.`applicationUrl`, `main`.`opportunities`.`createdAt`, `main`.`opportunities`.`updatedAt`, `main`.`opportunities`.`organizationId`, `main`.`opportunities`.`authorId` FROM `main`.`opportunities` WHERE (`main`.`opportunities`.`status` = ? AND `main`.`opportunities`.`publishedAt` IS NOT NULL) ORDER BY `main`.`opportunities`.`publishedAt` DESC LIMIT ? OFFSET ?
prisma:query SELECT `main`.`organizations`.`id`, `main`.`organizations`.`name`, `main`.`organizations`.`logo`, `main`.`organizations`.`verified` FROM `main`.`organizations` WHERE `main`.`organizations`.`id` IN (?,?) LIMIT ? OFFSET ?
 GET /?x_request_source=preview 200 in 26ms
prisma:query SELECT 1
prisma:query SELECT 1
prisma:query SELECT COUNT(*) FROM (SELECT `main`.`opportunities`.`id` FROM `main`.`opportunities` WHERE `main`.`opportunities`.`status` = ? LIMIT ? OFFSET ?) AS `sub`
prisma:query SELECT COUNT(*) FROM (SELECT `main`.`organizations`.`id` FROM `main`.`organizations` WHERE `main`.`organizations`.`verified` = ? LIMIT ? OFFSET ?) AS `sub`
prisma:query SELECT `main`.`opportunities`.`id`, `main`.`opportunities`.`title`, `main`.`opportunities`.`slug`, `main`.`opportunities`.`description`, `main`.`opportunities`.`type`, `main`.`opportunities`.`level`, `main`.`opportunities`.`status`, `main`.`opportunities`.`city`, `main`.`opportunities`.`country`, `main`.`opportunities`.`latitude`, `main`.`opportunities`.`longitude`, `main`.`opportunities`.`modality`, `main`.`opportunities`.`remunerationType`, `main`.`opportunities`.`remunerationMin`, `main`.`opportunities`.`remunerationMax`, `main`.`opportunities`.`currency`, `main`.`opportunities`.`benefits`, `main`.`opportunities`.`deadline`, `main`.`opportunities`.`startDate`, `main`.`opportunities`.`endDate`, `main`.`opportunities`.`publishedAt`, `main`.`opportunities`.`tags`, `main`.`opportunities`.`verified`, `main`.`opportunities`.`contactEmail`, `main`.`opportunities`.`contactPhone`, `main`.`opportunities`.`applicationUrl`, `main`.`opportunities`.`createdAt`, `main`.`opportunities`.`updatedAt`, `main`.`opportunities`.`organizationId`, `main`.`opportunities`.`authorId` FROM `main`.`opportunities` WHERE (`main`.`opportunities`.`status` = ? AND `main`.`opportunities`.`publishedAt` IS NOT NULL) ORDER BY `main`.`opportunities`.`publishedAt` DESC LIMIT ? OFFSET ?
prisma:query SELECT `main`.`organizations`.`id`, `main`.`organizations`.`name`, `main`.`organizations`.`logo`, `main`.`organizations`.`verified` FROM `main`.`organizations` WHERE `main`.`organizations`.`id` IN (?,?) LIMIT ? OFFSET ?
 GET / 200 in 31ms
 ✓ Compiled /api/auth/register in 272ms (728 modules)
prisma:query SELECT 1
prisma:query SELECT `main`.`users`.`id`, `main`.`users`.`email`, `main`.`users`.`emailVerified`, `main`.`users`.`name`, `main`.`users`.`image`, `main`.`users`.`role`, `main`.`users`.`locale`, `main`.`users`.`verified`, `main`.`users`.`planType`, `main`.`users`.`planStart`, `main`.`users`.`planEnd`, `main`.`users`.`isActive`, `main`.`users`.`stripeCustomerId`, `main`.`users`.`stripeSubscriptionId`, `main`.`users`.`createdAt`, `main`.`users`.`updatedAt` FROM `main`.`users` WHERE (`main`.`users`.`email` = ? AND 1=1) LIMIT ? OFFSET ?
prisma:query INSERT INTO `main`.`users` (`id`, `email`, `name`, `role`, `locale`, `verified`, `planType`, `isActive`, `createdAt`, `updatedAt`) VALUES (?,?,?,?,?,?,?,?,?,?) RETURNING `id` AS `id`, `email` AS `email`, `emailVerified` AS `emailVerified`, `name` AS `name`, `image` AS `image`, `role` AS `role`, `locale` AS `locale`, `verified` AS `verified`, `planType` AS `planType`, `planStart` AS `planStart`, `planEnd` AS `planEnd`, `isActive` AS `isActive`, `stripeCustomerId` AS `stripeCustomerId`, `stripeSubscriptionId` AS `stripeSubscriptionId`, `createdAt` AS `createdAt`, `updatedAt` AS `updatedAt`
 POST /api/auth/register 200 in 347ms
 GET /auth/register 200 in 105ms
 ✓ Compiled /api/auth/[...nextauth] in 116ms (732 modules)
 GET /api/auth/session 200 in 200ms
 GET /api/auth/session 200 in 5ms
 GET /auth/register 200 in 89ms
 GET /api/auth/session 200 in 24ms
 GET /api/auth/session 200 in 15ms
prisma:query SELECT 1
prisma:query SELECT `main`.`users`.`id`, `main`.`users`.`email`, `main`.`users`.`emailVerified`, `main`.`users`.`name`, `main`.`users`.`image`, `main`.`users`.`role`, `main`.`users`.`locale`, `main`.`users`.`verified`, `main`.`users`.`planType`, `main`.`users`.`planStart`, `main`.`users`.`planEnd`, `main`.`users`.`isActive`, `main`.`users`.`stripeCustomerId`, `main`.`users`.`stripeSubscriptionId`, `main`.`users`.`createdAt`, `main`.`users`.`updatedAt` FROM `main`.`users` WHERE (`main`.`users`.`email` = ? AND 1=1) LIMIT ? OFFSET ?
prisma:query INSERT INTO `main`.`users` (`id`, `email`, `name`, `role`, `locale`, `verified`, `planType`, `isActive`, `createdAt`, `updatedAt`) VALUES (?,?,?,?,?,?,?,?,?,?) RETURNING `id` AS `id`, `email` AS `email`, `emailVerified` AS `emailVerified`, `name` AS `name`, `image` AS `image`, `role` AS `role`, `locale` AS `locale`, `verified` AS `verified`, `planType` AS `planType`, `planStart` AS `planStart`, `planEnd` AS `planEnd`, `isActive` AS `isActive`, `stripeCustomerId` AS `stripeCustomerId`, `stripeSubscriptionId` AS `stripeSubscriptionId`, `createdAt` AS `createdAt`, `updatedAt` AS `updatedAt`
 POST /api/auth/register 200 in 28ms
 GET /api/auth/providers 200 in 22ms
 GET /api/auth/csrf 200 in 5ms
prisma:query SELECT `main`.`users`.`id`, `main`.`users`.`email`, `main`.`users`.`emailVerified`, `main`.`users`.`name`, `main`.`users`.`image`, `main`.`users`.`role`, `main`.`users`.`locale`, `main`.`users`.`verified`, `main`.`users`.`planType`, `main`.`users`.`planStart`, `main`.`users`.`planEnd`, `main`.`users`.`isActive`, `main`.`users`.`stripeCustomerId`, `main`.`users`.`stripeSubscriptionId`, `main`.`users`.`createdAt`, `main`.`users`.`updatedAt` FROM `main`.`users` WHERE (`main`.`users`.`email` = ? AND 1=1) LIMIT ? OFFSET ?
 POST /api/auth/callback/credentials 200 in 10ms
 GET /api/auth/session 200 in 15ms
 GET /dashboard?_rsc=3y0gy 200 in 46ms
prisma:query SELECT 1
prisma:query SELECT 1
prisma:query SELECT COUNT(*) FROM (SELECT `main`.`opportunities`.`id` FROM `main`.`opportunities` WHERE `main`.`opportunities`.`status` = ? LIMIT ? OFFSET ?) AS `sub`
prisma:query SELECT COUNT(*) FROM (SELECT `main`.`organizations`.`id` FROM `main`.`organizations` WHERE `main`.`organizations`.`verified` = ? LIMIT ? OFFSET ?) AS `sub`
prisma:query SELECT `main`.`opportunities`.`id`, `main`.`opportunities`.`title`, `main`.`opportunities`.`slug`, `main`.`opportunities`.`description`, `main`.`opportunities`.`type`, `main`.`opportunities`.`level`, `main`.`opportunities`.`status`, `main`.`opportunities`.`city`, `main`.`opportunities`.`country`, `main`.`opportunities`.`latitude`, `main`.`opportunities`.`longitude`, `main`.`opportunities`.`modality`, `main`.`opportunities`.`remunerationType`, `main`.`opportunities`.`remunerationMin`, `main`.`opportunities`.`remunerationMax`, `main`.`opportunities`.`currency`, `main`.`opportunities`.`benefits`, `main`.`opportunities`.`deadline`, `main`.`opportunities`.`startDate`, `main`.`opportunities`.`endDate`, `main`.`opportunities`.`publishedAt`, `main`.`opportunities`.`tags`, `main`.`opportunities`.`verified`, `main`.`opportunities`.`contactEmail`, `main`.`opportunities`.`contactPhone`, `main`.`opportunities`.`applicationUrl`, `main`.`opportunities`.`createdAt`, `main`.`opportunities`.`updatedAt`, `main`.`opportunities`.`organizationId`, `main`.`opportunities`.`authorId` FROM `main`.`opportunities` WHERE (`main`.`opportunities`.`status` = ? AND `main`.`opportunities`.`publishedAt` IS NOT NULL) ORDER BY `main`.`opportunities`.`publishedAt` DESC LIMIT ? OFFSET ?
prisma:query SELECT `main`.`organizations`.`id`, `main`.`organizations`.`name`, `main`.`organizations`.`logo`, `main`.`organizations`.`verified` FROM `main`.`organizations` WHERE `main`.`organizations`.`id` IN (?,?) LIMIT ? OFFSET ?
 GET / 200 in 48ms
prisma:query SELECT COUNT(*) FROM (SELECT `main`.`opportunities`.`id` FROM `main`.`opportunities` WHERE `main`.`opportunities`.`status` = ? LIMIT ? OFFSET ?) AS `sub`
prisma:query SELECT COUNT(*) FROM (SELECT `main`.`organizations`.`id` FROM `main`.`organizations` WHERE `main`.`organizations`.`verified` = ? LIMIT ? OFFSET ?) AS `sub`
prisma:query SELECT `main`.`opportunities`.`id`, `main`.`opportunities`.`title`, `main`.`opportunities`.`slug`, `main`.`opportunities`.`description`, `main`.`opportunities`.`type`, `main`.`opportunities`.`level`, `main`.`opportunities`.`status`, `main`.`opportunities`.`city`, `main`.`opportunities`.`country`, `main`.`opportunities`.`latitude`, `main`.`opportunities`.`longitude`, `main`.`opportunities`.`modality`, `main`.`opportunities`.`remunerationType`, `main`.`opportunities`.`remunerationMin`, `main`.`opportunities`.`remunerationMax`, `main`.`opportunities`.`currency`, `main`.`opportunities`.`benefits`, `main`.`opportunities`.`deadline`, `main`.`opportunities`.`startDate`, `main`.`opportunities`.`endDate`, `main`.`opportunities`.`publishedAt`, `main`.`opportunities`.`tags`, `main`.`opportunities`.`verified`, `main`.`opportunities`.`contactEmail`, `main`.`opportunities`.`contactPhone`, `main`.`opportunities`.`applicationUrl`, `main`.`opportunities`.`createdAt`, `main`.`opportunities`.`updatedAt`, `main`.`opportunities`.`organizationId`, `main`.`opportunities`.`authorId` FROM `main`.`opportunities` WHERE (`main`.`opportunities`.`status` = ? AND `main`.`opportunities`.`publishedAt` IS NOT NULL) ORDER BY `main`.`opportunities`.`publishedAt` DESC LIMIT ? OFFSET ?
prisma:query SELECT `main`.`organizations`.`id`, `main`.`organizations`.`name`, `main`.`organizations`.`logo`, `main`.`organizations`.`verified` FROM `main`.`organizations` WHERE `main`.`organizations`.`id` IN (?,?) LIMIT ? OFFSET ?
 GET / 200 in 34ms
prisma:query SELECT COUNT(*) FROM (SELECT `main`.`opportunities`.`id` FROM `main`.`opportunities` WHERE `main`.`opportunities`.`status` = ? LIMIT ? OFFSET ?) AS `sub`
prisma:query SELECT COUNT(*) FROM (SELECT `main`.`organizations`.`id` FROM `main`.`organizations` WHERE `main`.`organizations`.`verified` = ? LIMIT ? OFFSET ?) AS `sub`
prisma:query SELECT `main`.`opportunities`.`id`, `main`.`opportunities`.`title`, `main`.`opportunities`.`slug`, `main`.`opportunities`.`description`, `main`.`opportunities`.`type`, `main`.`opportunities`.`level`, `main`.`opportunities`.`status`, `main`.`opportunities`.`city`, `main`.`opportunities`.`country`, `main`.`opportunities`.`latitude`, `main`.`opportunities`.`longitude`, `main`.`opportunities`.`modality`, `main`.`opportunities`.`remunerationType`, `main`.`opportunities`.`remunerationMin`, `main`.`opportunities`.`remunerationMax`, `main`.`opportunities`.`currency`, `main`.`opportunities`.`benefits`, `main`.`opportunities`.`deadline`, `main`.`opportunities`.`startDate`, `main`.`opportunities`.`endDate`, `main`.`opportunities`.`publishedAt`, `main`.`opportunities`.`tags`, `main`.`opportunities`.`verified`, `main`.`opportunities`.`contactEmail`, `main`.`opportunities`.`contactPhone`, `main`.`opportunities`.`applicationUrl`, `main`.`opportunities`.`createdAt`, `main`.`opportunities`.`updatedAt`, `main`.`opportunities`.`organizationId`, `main`.`opportunities`.`authorId` FROM `main`.`opportunities` WHERE (`main`.`opportunities`.`status` = ? AND `main`.`opportunities`.`publishedAt` IS NOT NULL) ORDER BY `main`.`opportunities`.`publishedAt` DESC LIMIT ? OFFSET ?
prisma:query SELECT `main`.`organizations`.`id`, `main`.`organizations`.`name`, `main`.`organizations`.`logo`, `main`.`organizations`.`verified` FROM `main`.`organizations` WHERE `main`.`organizations`.`id` IN (?,?) LIMIT ? OFFSET ?
 GET / 200 in 33ms
prisma:query SELECT COUNT(*) FROM (SELECT `main`.`opportunities`.`id` FROM `main`.`opportunities` WHERE `main`.`opportunities`.`status` = ? LIMIT ? OFFSET ?) AS `sub`
prisma:query SELECT COUNT(*) FROM (SELECT `main`.`organizations`.`id` FROM `main`.`organizations` WHERE `main`.`organizations`.`verified` = ? LIMIT ? OFFSET ?) AS `sub`
prisma:query SELECT `main`.`opportunities`.`id`, `main`.`opportunities`.`title`, `main`.`opportunities`.`slug`, `main`.`opportunities`.`description`, `main`.`opportunities`.`type`, `main`.`opportunities`.`level`, `main`.`opportunities`.`status`, `main`.`opportunities`.`city`, `main`.`opportunities`.`country`, `main`.`opportunities`.`latitude`, `main`.`opportunities`.`longitude`, `main`.`opportunities`.`modality`, `main`.`opportunities`.`remunerationType`, `main`.`opportunities`.`remunerationMin`, `main`.`opportunities`.`remunerationMax`, `main`.`opportunities`.`currency`, `main`.`opportunities`.`benefits`, `main`.`opportunities`.`deadline`, `main`.`opportunities`.`startDate`, `main`.`opportunities`.`endDate`, `main`.`opportunities`.`publishedAt`, `main`.`opportunities`.`tags`, `main`.`opportunities`.`verified`, `main`.`opportunities`.`contactEmail`, `main`.`opportunities`.`contactPhone`, `main`.`opportunities`.`applicationUrl`, `main`.`opportunities`.`createdAt`, `main`.`opportunities`.`updatedAt`, `main`.`opportunities`.`organizationId`, `main`.`opportunities`.`authorId` FROM `main`.`opportunities` WHERE (`main`.`opportunities`.`status` = ? AND `main`.`opportunities`.`publishedAt` IS NOT NULL) ORDER BY `main`.`opportunities`.`publishedAt` DESC LIMIT ? OFFSET ?
prisma:query SELECT `main`.`organizations`.`id`, `main`.`organizations`.`name`, `main`.`organizations`.`logo`, `main`.`organizations`.`verified` FROM `main`.`organizations` WHERE `main`.`organizations`.`id` IN (?,?) LIMIT ? OFFSET ?
 GET / 200 in 28ms
prisma:query SELECT COUNT(*) FROM (SELECT `main`.`organizations`.`id` FROM `main`.`organizations` WHERE `main`.`organizations`.`verified` = ? LIMIT ? OFFSET ?) AS `sub`
prisma:query SELECT COUNT(*) FROM (SELECT `main`.`opportunities`.`id` FROM `main`.`opportunities` WHERE `main`.`opportunities`.`status` = ? LIMIT ? OFFSET ?) AS `sub`
prisma:query SELECT `main`.`opportunities`.`id`, `main`.`opportunities`.`title`, `main`.`opportunities`.`slug`, `main`.`opportunities`.`description`, `main`.`opportunities`.`type`, `main`.`opportunities`.`level`, `main`.`opportunities`.`status`, `main`.`opportunities`.`city`, `main`.`opportunities`.`country`, `main`.`opportunities`.`latitude`, `main`.`opportunities`.`longitude`, `main`.`opportunities`.`modality`, `main`.`opportunities`.`remunerationType`, `main`.`opportunities`.`remunerationMin`, `main`.`opportunities`.`remunerationMax`, `main`.`opportunities`.`currency`, `main`.`opportunities`.`benefits`, `main`.`opportunities`.`deadline`, `main`.`opportunities`.`startDate`, `main`.`opportunities`.`endDate`, `main`.`opportunities`.`publishedAt`, `main`.`opportunities`.`tags`, `main`.`opportunities`.`verified`, `main`.`opportunities`.`contactEmail`, `main`.`opportunities`.`contactPhone`, `main`.`opportunities`.`applicationUrl`, `main`.`opportunities`.`createdAt`, `main`.`opportunities`.`updatedAt`, `main`.`opportunities`.`organizationId`, `main`.`opportunities`.`authorId` FROM `main`.`opportunities` WHERE (`main`.`opportunities`.`status` = ? AND `main`.`opportunities`.`publishedAt` IS NOT NULL) ORDER BY `main`.`opportunities`.`publishedAt` DESC LIMIT ? OFFSET ?
prisma:query SELECT `main`.`organizations`.`id`, `main`.`organizations`.`name`, `main`.`organizations`.`logo`, `main`.`organizations`.`verified` FROM `main`.`organizations` WHERE `main`.`organizations`.`id` IN (?,?) LIMIT ? OFFSET ?
 GET / 200 in 28ms
prisma:query SELECT COUNT(*) FROM (SELECT `main`.`opportunities`.`id` FROM `main`.`opportunities` WHERE `main`.`opportunities`.`status` = ? LIMIT ? OFFSET ?) AS `sub`
prisma:query SELECT COUNT(*) FROM (SELECT `main`.`organizations`.`id` FROM `main`.`organizations` WHERE `main`.`organizations`.`verified` = ? LIMIT ? OFFSET ?) AS `sub`
prisma:query SELECT `main`.`opportunities`.`id`, `main`.`opportunities`.`title`, `main`.`opportunities`.`slug`, `main`.`opportunities`.`description`, `main`.`opportunities`.`type`, `main`.`opportunities`.`level`, `main`.`opportunities`.`status`, `main`.`opportunities`.`city`, `main`.`opportunities`.`country`, `main`.`opportunities`.`latitude`, `main`.`opportunities`.`longitude`, `main`.`opportunities`.`modality`, `main`.`opportunities`.`remunerationType`, `main`.`opportunities`.`remunerationMin`, `main`.`opportunities`.`remunerationMax`, `main`.`opportunities`.`currency`, `main`.`opportunities`.`benefits`, `main`.`opportunities`.`deadline`, `main`.`opportunities`.`startDate`, `main`.`opportunities`.`endDate`, `main`.`opportunities`.`publishedAt`, `main`.`opportunities`.`tags`, `main`.`opportunities`.`verified`, `main`.`opportunities`.`contactEmail`, `main`.`opportunities`.`contactPhone`, `main`.`opportunities`.`applicationUrl`, `main`.`opportunities`.`createdAt`, `main`.`opportunities`.`updatedAt`, `main`.`opportunities`.`organizationId`, `main`.`opportunities`.`authorId` FROM `main`.`opportunities` WHERE (`main`.`opportunities`.`status` = ? AND `main`.`opportunities`.`publishedAt` IS NOT NULL) ORDER BY `main`.`opportunities`.`publishedAt` DESC LIMIT ? OFFSET ?
prisma:query SELECT `main`.`organizations`.`id`, `main`.`organizations`.`name`, `main`.`organizations`.`logo`, `main`.`organizations`.`verified` FROM `main`.`organizations` WHERE `main`.`organizations`.`id` IN (?,?) LIMIT ? OFFSET ?
 GET /?x_request_source=preview 200 in 27ms
prisma:query SELECT COUNT(*) FROM (SELECT `main`.`opportunities`.`id` FROM `main`.`opportunities` WHERE `main`.`opportunities`.`status` = ? LIMIT ? OFFSET ?) AS `sub`
prisma:query SELECT COUNT(*) FROM (SELECT `main`.`organizations`.`id` FROM `main`.`organizations` WHERE `main`.`organizations`.`verified` = ? LIMIT ? OFFSET ?) AS `sub`
prisma:query SELECT `main`.`opportunities`.`id`, `main`.`opportunities`.`title`, `main`.`opportunities`.`slug`, `main`.`opportunities`.`description`, `main`.`opportunities`.`type`, `main`.`opportunities`.`level`, `main`.`opportunities`.`status`, `main`.`opportunities`.`city`, `main`.`opportunities`.`country`, `main`.`opportunities`.`latitude`, `main`.`opportunities`.`longitude`, `main`.`opportunities`.`modality`, `main`.`opportunities`.`remunerationType`, `main`.`opportunities`.`remunerationMin`, `main`.`opportunities`.`remunerationMax`, `main`.`opportunities`.`currency`, `main`.`opportunities`.`benefits`, `main`.`opportunities`.`deadline`, `main`.`opportunities`.`startDate`, `main`.`opportunities`.`endDate`, `main`.`opportunities`.`publishedAt`, `main`.`opportunities`.`tags`, `main`.`opportunities`.`verified`, `main`.`opportunities`.`contactEmail`, `main`.`opportunities`.`contactPhone`, `main`.`opportunities`.`applicationUrl`, `main`.`opportunities`.`createdAt`, `main`.`opportunities`.`updatedAt`, `main`.`opportunities`.`organizationId`, `main`.`opportunities`.`authorId` FROM `main`.`opportunities` WHERE (`main`.`opportunities`.`status` = ? AND `main`.`opportunities`.`publishedAt` IS NOT NULL) ORDER BY `main`.`opportunities`.`publishedAt` DESC LIMIT ? OFFSET ?
prisma:query SELECT `main`.`organizations`.`id`, `main`.`organizations`.`name`, `main`.`organizations`.`logo`, `main`.`organizations`.`verified` FROM `main`.`organizations` WHERE `main`.`organizations`.`id` IN (?,?) LIMIT ? OFFSET ?
 GET / 200 in 27ms
prisma:query SELECT 1
prisma:query SELECT 1
prisma:query SELECT COUNT(*) FROM (SELECT `main`.`organizations`.`id` FROM `main`.`organizations` WHERE `main`.`organizations`.`verified` = ? LIMIT ? OFFSET ?) AS `sub`
prisma:query SELECT COUNT(*) FROM (SELECT `main`.`opportunities`.`id` FROM `main`.`opportunities` WHERE `main`.`opportunities`.`status` = ? LIMIT ? OFFSET ?) AS `sub`
prisma:query SELECT `main`.`opportunities`.`id`, `main`.`opportunities`.`title`, `main`.`opportunities`.`slug`, `main`.`opportunities`.`description`, `main`.`opportunities`.`type`, `main`.`opportunities`.`level`, `main`.`opportunities`.`status`, `main`.`opportunities`.`city`, `main`.`opportunities`.`country`, `main`.`opportunities`.`latitude`, `main`.`opportunities`.`longitude`, `main`.`opportunities`.`modality`, `main`.`opportunities`.`remunerationType`, `main`.`opportunities`.`remunerationMin`, `main`.`opportunities`.`remunerationMax`, `main`.`opportunities`.`currency`, `main`.`opportunities`.`benefits`, `main`.`opportunities`.`deadline`, `main`.`opportunities`.`startDate`, `main`.`opportunities`.`endDate`, `main`.`opportunities`.`publishedAt`, `main`.`opportunities`.`tags`, `main`.`opportunities`.`verified`, `main`.`opportunities`.`contactEmail`, `main`.`opportunities`.`contactPhone`, `main`.`opportunities`.`applicationUrl`, `main`.`opportunities`.`createdAt`, `main`.`opportunities`.`updatedAt`, `main`.`opportunities`.`organizationId`, `main`.`opportunities`.`authorId` FROM `main`.`opportunities` WHERE (`main`.`opportunities`.`status` = ? AND `main`.`opportunities`.`publishedAt` IS NOT NULL) ORDER BY `main`.`opportunities`.`publishedAt` DESC LIMIT ? OFFSET ?
prisma:query SELECT `main`.`organizations`.`id`, `main`.`organizations`.`name`, `main`.`organizations`.`logo`, `main`.`organizations`.`verified` FROM `main`.`organizations` WHERE `main`.`organizations`.`id` IN (?,?) LIMIT ? OFFSET ?
 GET / 200 in 39ms
prisma:query SELECT COUNT(*) FROM (SELECT `main`.`opportunities`.`id` FROM `main`.`opportunities` WHERE `main`.`opportunities`.`status` = ? LIMIT ? OFFSET ?) AS `sub`
prisma:query SELECT `main`.`opportunities`.`id`, `main`.`opportunities`.`title`, `main`.`opportunities`.`slug`, `main`.`opportunities`.`description`, `main`.`opportunities`.`type`, `main`.`opportunities`.`level`, `main`.`opportunities`.`status`, `main`.`opportunities`.`city`, `main`.`opportunities`.`country`, `main`.`opportunities`.`latitude`, `main`.`opportunities`.`longitude`, `main`.`opportunities`.`modality`, `main`.`opportunities`.`remunerationType`, `main`.`opportunities`.`remunerationMin`, `main`.`opportunities`.`remunerationMax`, `main`.`opportunities`.`currency`, `main`.`opportunities`.`benefits`, `main`.`opportunities`.`deadline`, `main`.`opportunities`.`startDate`, `main`.`opportunities`.`endDate`, `main`.`opportunities`.`publishedAt`, `main`.`opportunities`.`tags`, `main`.`opportunities`.`verified`, `main`.`opportunities`.`contactEmail`, `main`.`opportunities`.`contactPhone`, `main`.`opportunities`.`applicationUrl`, `main`.`opportunities`.`createdAt`, `main`.`opportunities`.`updatedAt`, `main`.`opportunities`.`organizationId`, `main`.`opportunities`.`authorId` FROM `main`.`opportunities` WHERE (`main`.`opportunities`.`status` = ? AND `main`.`opportunities`.`publishedAt` IS NOT NULL) ORDER BY `main`.`opportunities`.`publishedAt` DESC LIMIT ? OFFSET ?
prisma:query SELECT `main`.`organizations`.`id`, `main`.`organizations`.`name`, `main`.`organizations`.`logo`, `main`.`organizations`.`verified` FROM `main`.`organizations` WHERE `main`.`organizations`.`id` IN (?,?) LIMIT ? OFFSET ?
prisma:query SELECT COUNT(*) FROM (SELECT `main`.`organizations`.`id` FROM `main`.`organizations` WHERE `main`.`organizations`.`verified` = ? LIMIT ? OFFSET ?) AS `sub`
 GET / 200 in 31ms
prisma:query SELECT COUNT(*) FROM (SELECT `main`.`opportunities`.`id` FROM `main`.`opportunities` WHERE `main`.`opportunities`.`status` = ? LIMIT ? OFFSET ?) AS `sub`
prisma:query SELECT COUNT(*) FROM (SELECT `main`.`organizations`.`id` FROM `main`.`organizations` WHERE `main`.`organizations`.`verified` = ? LIMIT ? OFFSET ?) AS `sub`
prisma:query SELECT `main`.`opportunities`.`id`, `main`.`opportunities`.`title`, `main`.`opportunities`.`slug`, `main`.`opportunities`.`description`, `main`.`opportunities`.`type`, `main`.`opportunities`.`level`, `main`.`opportunities`.`status`, `main`.`opportunities`.`city`, `main`.`opportunities`.`country`, `main`.`opportunities`.`latitude`, `main`.`opportunities`.`longitude`, `main`.`opportunities`.`modality`, `main`.`opportunities`.`remunerationType`, `main`.`opportunities`.`remunerationMin`, `main`.`opportunities`.`remunerationMax`, `main`.`opportunities`.`currency`, `main`.`opportunities`.`benefits`, `main`.`opportunities`.`deadline`, `main`.`opportunities`.`startDate`, `main`.`opportunities`.`endDate`, `main`.`opportunities`.`publishedAt`, `main`.`opportunities`.`tags`, `main`.`opportunities`.`verified`, `main`.`opportunities`.`contactEmail`, `main`.`opportunities`.`contactPhone`, `main`.`opportunities`.`applicationUrl`, `main`.`opportunities`.`createdAt`, `main`.`opportunities`.`updatedAt`, `main`.`opportunities`.`organizationId`, `main`.`opportunities`.`authorId` FROM `main`.`opportunities` WHERE (`main`.`opportunities`.`status` = ? AND `main`.`opportunities`.`publishedAt` IS NOT NULL) ORDER BY `main`.`opportunities`.`publishedAt` DESC LIMIT ? OFFSET ?
prisma:query SELECT `main`.`organizations`.`id`, `main`.`organizations`.`name`, `main`.`organizations`.`logo`, `main`.`organizations`.`verified` FROM `main`.`organizations` WHERE `main`.`organizations`.`id` IN (?,?) LIMIT ? OFFSET ?
 GET / 200 in 30ms
prisma:query SELECT COUNT(*) FROM (SELECT `main`.`opportunities`.`id` FROM `main`.`opportunities` WHERE `main`.`opportunities`.`status` = ? LIMIT ? OFFSET ?) AS `sub`
prisma:query SELECT `main`.`opportunities`.`id`, `main`.`opportunities`.`title`, `main`.`opportunities`.`slug`, `main`.`opportunities`.`description`, `main`.`opportunities`.`type`, `main`.`opportunities`.`level`, `main`.`opportunities`.`status`, `main`.`opportunities`.`city`, `main`.`opportunities`.`country`, `main`.`opportunities`.`latitude`, `main`.`opportunities`.`longitude`, `main`.`opportunities`.`modality`, `main`.`opportunities`.`remunerationType`, `main`.`opportunities`.`remunerationMin`, `main`.`opportunities`.`remunerationMax`, `main`.`opportunities`.`currency`, `main`.`opportunities`.`benefits`, `main`.`opportunities`.`deadline`, `main`.`opportunities`.`startDate`, `main`.`opportunities`.`endDate`, `main`.`opportunities`.`publishedAt`, `main`.`opportunities`.`tags`, `main`.`opportunities`.`verified`, `main`.`opportunities`.`contactEmail`, `main`.`opportunities`.`contactPhone`, `main`.`opportunities`.`applicationUrl`, `main`.`opportunities`.`createdAt`, `main`.`opportunities`.`updatedAt`, `main`.`opportunities`.`organizationId`, `main`.`opportunities`.`authorId` FROM `main`.`opportunities` WHERE (`main`.`opportunities`.`status` = ? AND `main`.`opportunities`.`publishedAt` IS NOT NULL) ORDER BY `main`.`opportunities`.`publishedAt` DESC LIMIT ? OFFSET ?
prisma:query SELECT COUNT(*) FROM (SELECT `main`.`organizations`.`id` FROM `main`.`organizations` WHERE `main`.`organizations`.`verified` = ? LIMIT ? OFFSET ?) AS `sub`
prisma:query SELECT `main`.`organizations`.`id`, `main`.`organizations`.`name`, `main`.`organizations`.`logo`, `main`.`organizations`.`verified` FROM `main`.`organizations` WHERE `main`.`organizations`.`id` IN (?,?) LIMIT ? OFFSET ?
 GET / 200 in 26ms
prisma:query SELECT COUNT(*) FROM (SELECT `main`.`organizations`.`id` FROM `main`.`organizations` WHERE `main`.`organizations`.`verified` = ? LIMIT ? OFFSET ?) AS `sub`
prisma:query SELECT COUNT(*) FROM (SELECT `main`.`opportunities`.`id` FROM `main`.`opportunities` WHERE `main`.`opportunities`.`status` = ? LIMIT ? OFFSET ?) AS `sub`
prisma:query SELECT `main`.`opportunities`.`id`, `main`.`opportunities`.`title`, `main`.`opportunities`.`slug`, `main`.`opportunities`.`description`, `main`.`opportunities`.`type`, `main`.`opportunities`.`level`, `main`.`opportunities`.`status`, `main`.`opportunities`.`city`, `main`.`opportunities`.`country`, `main`.`opportunities`.`latitude`, `main`.`opportunities`.`longitude`, `main`.`opportunities`.`modality`, `main`.`opportunities`.`remunerationType`, `main`.`opportunities`.`remunerationMin`, `main`.`opportunities`.`remunerationMax`, `main`.`opportunities`.`currency`, `main`.`opportunities`.`benefits`, `main`.`opportunities`.`deadline`, `main`.`opportunities`.`startDate`, `main`.`opportunities`.`endDate`, `main`.`opportunities`.`publishedAt`, `main`.`opportunities`.`tags`, `main`.`opportunities`.`verified`, `main`.`opportunities`.`contactEmail`, `main`.`opportunities`.`contactPhone`, `main`.`opportunities`.`applicationUrl`, `main`.`opportunities`.`createdAt`, `main`.`opportunities`.`updatedAt`, `main`.`opportunities`.`organizationId`, `main`.`opportunities`.`authorId` FROM `main`.`opportunities` WHERE (`main`.`opportunities`.`status` = ? AND `main`.`opportunities`.`publishedAt` IS NOT NULL) ORDER BY `main`.`opportunities`.`publishedAt` DESC LIMIT ? OFFSET ?
prisma:query SELECT `main`.`organizations`.`id`, `main`.`organizations`.`name`, `main`.`organizations`.`logo`, `main`.`organizations`.`verified` FROM `main`.`organizations` WHERE `main`.`organizations`.`id` IN (?,?) LIMIT ? OFFSET ?
 GET / 200 in 27ms
prisma:query SELECT COUNT(*) FROM (SELECT `main`.`opportunities`.`id` FROM `main`.`opportunities` WHERE `main`.`opportunities`.`status` = ? LIMIT ? OFFSET ?) AS `sub`
prisma:query SELECT COUNT(*) FROM (SELECT `main`.`organizations`.`id` FROM `main`.`organizations` WHERE `main`.`organizations`.`verified` = ? LIMIT ? OFFSET ?) AS `sub`
prisma:query SELECT `main`.`opportunities`.`id`, `main`.`opportunities`.`title`, `main`.`opportunities`.`slug`, `main`.`opportunities`.`description`, `main`.`opportunities`.`type`, `main`.`opportunities`.`level`, `main`.`opportunities`.`status`, `main`.`opportunities`.`city`, `main`.`opportunities`.`country`, `main`.`opportunities`.`latitude`, `main`.`opportunities`.`longitude`, `main`.`opportunities`.`modality`, `main`.`opportunities`.`remunerationType`, `main`.`opportunities`.`remunerationMin`, `main`.`opportunities`.`remunerationMax`, `main`.`opportunities`.`currency`, `main`.`opportunities`.`benefits`, `main`.`opportunities`.`deadline`, `main`.`opportunities`.`startDate`, `main`.`opportunities`.`endDate`, `main`.`opportunities`.`publishedAt`, `main`.`opportunities`.`tags`, `main`.`opportunities`.`verified`, `main`.`opportunities`.`contactEmail`, `main`.`opportunities`.`contactPhone`, `main`.`opportunities`.`applicationUrl`, `main`.`opportunities`.`createdAt`, `main`.`opportunities`.`updatedAt`, `main`.`opportunities`.`organizationId`, `main`.`opportunities`.`authorId` FROM `main`.`opportunities` WHERE (`main`.`opportunities`.`status` = ? AND `main`.`opportunities`.`publishedAt` IS NOT NULL) ORDER BY `main`.`opportunities`.`publishedAt` DESC LIMIT ? OFFSET ?
prisma:query SELECT `main`.`organizations`.`id`, `main`.`organizations`.`name`, `main`.`organizations`.`logo`, `main`.`organizations`.`verified` FROM `main`.`organizations` WHERE `main`.`organizations`.`id` IN (?,?) LIMIT ? OFFSET ?
 GET / 200 in 26ms
prisma:query SELECT COUNT(*) FROM (SELECT `main`.`opportunities`.`id` FROM `main`.`opportunities` WHERE `main`.`opportunities`.`status` = ? LIMIT ? OFFSET ?) AS `sub`
prisma:query SELECT COUNT(*) FROM (SELECT `main`.`organizations`.`id` FROM `main`.`organizations` WHERE `main`.`organizations`.`verified` = ? LIMIT ? OFFSET ?) AS `sub`
prisma:query SELECT `main`.`opportunities`.`id`, `main`.`opportunities`.`title`, `main`.`opportunities`.`slug`, `main`.`opportunities`.`description`, `main`.`opportunities`.`type`, `main`.`opportunities`.`level`, `main`.`opportunities`.`status`, `main`.`opportunities`.`city`, `main`.`opportunities`.`country`, `main`.`opportunities`.`latitude`, `main`.`opportunities`.`longitude`, `main`.`opportunities`.`modality`, `main`.`opportunities`.`remunerationType`, `main`.`opportunities`.`remunerationMin`, `main`.`opportunities`.`remunerationMax`, `main`.`opportunities`.`currency`, `main`.`opportunities`.`benefits`, `main`.`opportunities`.`deadline`, `main`.`opportunities`.`startDate`, `main`.`opportunities`.`endDate`, `main`.`opportunities`.`publishedAt`, `main`.`opportunities`.`tags`, `main`.`opportunities`.`verified`, `main`.`opportunities`.`contactEmail`, `main`.`opportunities`.`contactPhone`, `main`.`opportunities`.`applicationUrl`, `main`.`opportunities`.`createdAt`, `main`.`opportunities`.`updatedAt`, `main`.`opportunities`.`organizationId`, `main`.`opportunities`.`authorId` FROM `main`.`opportunities` WHERE (`main`.`opportunities`.`status` = ? AND `main`.`opportunities`.`publishedAt` IS NOT NULL) ORDER BY `main`.`opportunities`.`publishedAt` DESC LIMIT ? OFFSET ?
prisma:query SELECT `main`.`organizations`.`id`, `main`.`organizations`.`name`, `main`.`organizations`.`logo`, `main`.`organizations`.`verified` FROM `main`.`organizations` WHERE `main`.`organizations`.`id` IN (?,?) LIMIT ? OFFSET ?
 GET /?x_request_source=preview 200 in 112ms
 GET /dashboard?_rsc=3y0gy 200 in 14ms
 GET /auth/register 200 in 26ms
error Command failed with signal "SIGTERM".
info Visit https://yarnpkg.com/en/docs/cli/run for documentation about this command.
[?25h
